0 info it worked if it ends with ok
1 verbose cli [ 'C:\\Program Files\\nodejs\\node.exe',
1 verbose cli   'C:\\Program Files\\nodejs\\node_modules\\npm\\bin\\npm-cli.js',
1 verbose cli   'install',
1 verbose cli   '-g',
1 verbose cli   'gulp' ]
2 info using npm@2.14.2
3 info using node@v4.0.0
4 verbose install initial load of C:\Users\Kelly\Desktop\OS\TSOS-2015\package.json
5 verbose readDependencies loading dependencies from C:\Users\Kelly\Desktop\OS\TSOS-2015\package.json
6 silly cache add args [ 'gulp', null ]
7 verbose cache add spec gulp
8 silly cache add parsed spec Result {
8 silly cache add   raw: 'gulp',
8 silly cache add   scope: null,
8 silly cache add   name: null,
8 silly cache add   rawSpec: 'gulp',
8 silly cache add   spec: 'C:\\Users\\Kelly\\Desktop\\OS\\TSOS-2015\\gulp',
8 silly cache add   type: 'local' }
9 silly addLocalTarball shasum (computed) 1ac42a8dfae34d557b514a83883df23f326116f6
10 verbose addTmpTarball C:\Users\Kelly\Desktop\OS\TSOS-2015\gulp not in flight; adding
11 verbose addTmpTarball validating metadata from C:\Users\Kelly\Desktop\OS\TSOS-2015\gulp
12 verbose tar unpack C:\Users\Kelly\Desktop\OS\TSOS-2015\gulp
13 verbose tar unpacking to C:\Users\Kelly\AppData\Local\Temp\npm-108804-dc741489\unpack-89f55c500190
14 silly gentlyRm C:\Users\Kelly\AppData\Local\Temp\npm-108804-dc741489\unpack-89f55c500190 is being purged
15 verbose gentlyRm don't care about contents; nuking C:\Users\Kelly\AppData\Local\Temp\npm-108804-dc741489\unpack-89f55c500190
16 silly gunzTarPerm modes [ '777', '666' ]
17 error not a package C:\Users\Kelly\Desktop\OS\TSOS-2015\gulp
18 error addLocal Could not install C:\Users\Kelly\Desktop\OS\TSOS-2015\gulp
19 verbose stack Error: ENOENT: no such file or directory, open 'C:\Users\Kelly\AppData\Local\Temp\npm-108804-dc741489\unpack-89f55c500190\package.json'
19 verbose stack     at Error (native)
20 verbose cwd C:\Users\Kelly\Desktop\OS\TSOS-2015
21 error Windows_NT 6.1.7601
22 error argv "C:\\Program Files\\nodejs\\node.exe" "C:\\Program Files\\nodejs\\node_modules\\npm\\bin\\npm-cli.js" "install" "-g" "gulp"
23 error node v4.0.0
24 error npm  v2.14.2
25 error path C:\Users\Kelly\AppData\Local\Temp\npm-108804-dc741489\unpack-89f55c500190\package.json
26 error code ENOENT
27 error errno -4058
28 error syscall open
29 error enoent ENOENT: no such file or directory, open 'C:\Users\Kelly\AppData\Local\Temp\npm-108804-dc741489\unpack-89f55c500190\package.json'
29 error enoent This is most likely not a problem with npm itself
29 error enoent and is related to npm not being able to find a file.
30 verbose exit [ -4058, true ]
